<?xml version="1.0" encoding="UTF-8"?>
<testng-results ignored="0" total="2" passed="2" failed="0" skipped="0">
  <reporter-output>
  </reporter-output>
  <suite started-at="2024-12-25T19:36:51 IST" name="Surefire suite" finished-at="2024-12-25T19:37:17 IST" duration-ms="26277">
    <groups>
      <group name="cucumber">
        <method signature="AbstractTestNGCucumberTests.runScenario(io.cucumber.testng.PickleWrapper,io.cucumber.testng.FeatureWrapper)[pri:0, instance:incubyte.cucumber.TestNGTestRunner@70e8f8e]" name="runScenario" class="io.cucumber.testng.AbstractTestNGCucumberTests"/>
      </group> <!-- cucumber -->
    </groups>
    <test started-at="2024-12-25T19:36:51 IST" name="Surefire test" finished-at="2024-12-25T19:37:17 IST" duration-ms="26277">
      <class name="incubyte.cucumber.TestNGTestRunner">
        <test-method is-config="true" signature="setUpClass(org.testng.ITestContext)[pri:0, instance:incubyte.cucumber.TestNGTestRunner@70e8f8e]" started-at="2024-12-25T19:36:51 IST" name="setUpClass" finished-at="2024-12-25T19:36:51 IST" duration-ms="242" status="PASS">
          <params>
            <param index="0">
              <value>
                <![CDATA[org.testng.TestRunner@5aae8eb5]]>
              </value>
            </param>
          </params>
          <reporter-output>
          </reporter-output>
        </test-method> <!-- setUpClass -->
        <test-method signature="runScenario(io.cucumber.testng.PickleWrapper,io.cucumber.testng.FeatureWrapper)[pri:0, instance:incubyte.cucumber.TestNGTestRunner@70e8f8e]" started-at="2024-12-25T19:36:51 IST" name="runScenario" description="Runs Cucumber Scenarios" data-provider="scenarios" finished-at="2024-12-25T19:37:06 IST" duration-ms="14554" status="PASS">
          <params>
            <param index="0">
              <value>
                <![CDATA["Successful User Registration"]]>
              </value>
            </param>
            <param index="1">
              <value>
                <![CDATA["Create Account"]]>
              </value>
            </param>
          </params>
          <reporter-output>
          </reporter-output>
        </test-method> <!-- runScenario -->
        <test-method signature="runScenario(io.cucumber.testng.PickleWrapper,io.cucumber.testng.FeatureWrapper)[pri:0, instance:incubyte.cucumber.TestNGTestRunner@70e8f8e]" started-at="2024-12-25T19:37:06 IST" name="runScenario" description="Runs Cucumber Scenarios" data-provider="scenarios" finished-at="2024-12-25T19:37:17 IST" duration-ms="11435" status="PASS">
          <params>
            <param index="0">
              <value>
                <![CDATA["Customer sign in with valid credentials"]]>
              </value>
            </param>
            <param index="1">
              <value>
                <![CDATA["Customer Sign In"]]>
              </value>
            </param>
          </params>
          <reporter-output>
          </reporter-output>
        </test-method> <!-- runScenario -->
        <test-method is-config="true" signature="tearDownClass()[pri:0, instance:incubyte.cucumber.TestNGTestRunner@70e8f8e]" started-at="2024-12-25T19:37:17 IST" name="tearDownClass" finished-at="2024-12-25T19:37:17 IST" duration-ms="2" status="PASS">
          <reporter-output>
          </reporter-output>
        </test-method> <!-- tearDownClass -->
      </class> <!-- incubyte.cucumber.TestNGTestRunner -->
    </test> <!-- Surefire test -->
  </suite> <!-- Surefire suite -->
</testng-results>
