<?xml version="1.0" encoding="UTF-8"?>
<testng-results ignored="0" total="2" passed="2" failed="0" skipped="0">
  <reporter-output>
  </reporter-output>
  <suite started-at="2024-12-25T19:03:18 IST" name="Default suite" finished-at="2024-12-25T19:03:39 IST" duration-ms="21342">
    <groups>
      <group name="cucumber">
        <method signature="AbstractTestNGCucumberTests.runScenario(io.cucumber.testng.PickleWrapper,io.cucumber.testng.FeatureWrapper)[pri:0, instance:incubyte.cucumber.TestNGTestRunner@8462f31]" name="runScenario" class="io.cucumber.testng.AbstractTestNGCucumberTests"/>
      </group> <!-- cucumber -->
    </groups>
    <test started-at="2024-12-25T19:03:18 IST" name="Default test" finished-at="2024-12-25T19:03:39 IST" duration-ms="21342">
      <class name="incubyte.cucumber.TestNGTestRunner">
        <test-method is-config="true" signature="setUpClass(org.testng.ITestContext)[pri:0, instance:incubyte.cucumber.TestNGTestRunner@8462f31]" started-at="2024-12-25T19:03:18 IST" name="setUpClass" finished-at="2024-12-25T19:03:18 IST" duration-ms="261" status="PASS">
          <params>
            <param index="0">
              <value>
                <![CDATA[org.testng.TestRunner@1bf39d06]]>
              </value>
            </param>
          </params>
          <reporter-output>
          </reporter-output>
        </test-method> <!-- setUpClass -->
        <test-method signature="runScenario(io.cucumber.testng.PickleWrapper,io.cucumber.testng.FeatureWrapper)[pri:0, instance:incubyte.cucumber.TestNGTestRunner@8462f31]" started-at="2024-12-25T19:03:18 IST" name="runScenario" description="Runs Cucumber Scenarios" data-provider="scenarios" finished-at="2024-12-25T19:03:29 IST" duration-ms="11060" status="PASS">
          <params>
            <param index="0">
              <value>
                <![CDATA["Successful User Registration"]]>
              </value>
            </param>
            <param index="1">
              <value>
                <![CDATA["Create Account"]]>
              </value>
            </param>
          </params>
          <reporter-output>
          </reporter-output>
        </test-method> <!-- runScenario -->
        <test-method signature="runScenario(io.cucumber.testng.PickleWrapper,io.cucumber.testng.FeatureWrapper)[pri:0, instance:incubyte.cucumber.TestNGTestRunner@8462f31]" started-at="2024-12-25T19:03:29 IST" name="runScenario" description="Runs Cucumber Scenarios" data-provider="scenarios" finished-at="2024-12-25T19:03:39 IST" duration-ms="9970" status="PASS">
          <params>
            <param index="0">
              <value>
                <![CDATA["Customer sign in with valid credentials"]]>
              </value>
            </param>
            <param index="1">
              <value>
                <![CDATA["Customer Sign In"]]>
              </value>
            </param>
          </params>
          <reporter-output>
          </reporter-output>
        </test-method> <!-- runScenario -->
        <test-method is-config="true" signature="tearDownClass()[pri:0, instance:incubyte.cucumber.TestNGTestRunner@8462f31]" started-at="2024-12-25T19:03:39 IST" name="tearDownClass" finished-at="2024-12-25T19:03:39 IST" duration-ms="1" status="PASS">
          <reporter-output>
          </reporter-output>
        </test-method> <!-- tearDownClass -->
      </class> <!-- incubyte.cucumber.TestNGTestRunner -->
    </test> <!-- Default test -->
  </suite> <!-- Default suite -->
</testng-results>
